Using pre-set license
Built from '2021.3/staging' branch; Version is '2021.3.13f1 (9e7d58001ecf) revision 10386776'; Using compiler version '192829333'; Build Type 'Release'
OS: 'Windows 10  (10.0.19045) 64bit CoreSingleLanguage' Language: 'ru' Physical Memory: 16248 MB
BatchMode: 1, IsHumanControllingUs: 0, StartBugReporterOnCrash: 0, Is64bit: 1, IsPro: 1

COMMAND LINE ARGUMENTS:
D:\Unity 2021.3.13f1\Editor\Unity.exe
-adb2
-batchMode
-noUpm
-name
AssetImportWorker0
-projectPath
D:/GB_Fogelzan/The Day Maiden
-logFile
Logs/AssetImportWorker0.log
-srvPort
54590
Successfully changed project path to: D:/GB_Fogelzan/The Day Maiden
D:/GB_Fogelzan/The Day Maiden
[UnityMemory] Configuration Parameters - Can be set up in boot.config
    "memorysetup-bucket-allocator-granularity=16"
    "memorysetup-bucket-allocator-bucket-count=8"
    "memorysetup-bucket-allocator-block-size=33554432"
    "memorysetup-bucket-allocator-block-count=8"
    "memorysetup-main-allocator-block-size=16777216"
    "memorysetup-thread-allocator-block-size=16777216"
    "memorysetup-gfx-main-allocator-block-size=16777216"
    "memorysetup-gfx-thread-allocator-block-size=16777216"
    "memorysetup-cache-allocator-block-size=4194304"
    "memorysetup-typetree-allocator-block-size=2097152"
    "memorysetup-profiler-bucket-allocator-granularity=16"
    "memorysetup-profiler-bucket-allocator-bucket-count=8"
    "memorysetup-profiler-bucket-allocator-block-size=33554432"
    "memorysetup-profiler-bucket-allocator-block-count=8"
    "memorysetup-profiler-allocator-block-size=16777216"
    "memorysetup-profiler-editor-allocator-block-size=1048576"
    "memorysetup-temp-allocator-size-main=16777216"
    "memorysetup-job-temp-allocator-block-size=2097152"
    "memorysetup-job-temp-allocator-block-size-background=1048576"
    "memorysetup-job-temp-allocator-reduction-small-platforms=262144"
    "memorysetup-temp-allocator-size-background-worker=32768"
    "memorysetup-temp-allocator-size-job-worker=262144"
    "memorysetup-temp-allocator-size-preload-manager=33554432"
    "memorysetup-temp-allocator-size-nav-mesh-worker=65536"
    "memorysetup-temp-allocator-size-audio-worker=65536"
    "memorysetup-temp-allocator-size-cloud-worker=32768"
    "memorysetup-temp-allocator-size-gi-baking-worker=262144"
    "memorysetup-temp-allocator-size-gfx=262144"
Refreshing native plugins compatible for Editor in 109.77 ms, found 3 plugins.
Preloading 0 native plugins for Editor in 0.00 ms.
Initialize engine version: 2021.3.13f1 (9e7d58001ecf)
[Subsystems] Discovering subsystems at path D:/Unity 2021.3.13f1/Editor/Data/Resources/UnitySubsystems
[Subsystems] Discovering subsystems at path D:/GB_Fogelzan/The Day Maiden/Assets
GfxDevice: creating device client; threaded=0; jobified=0
Direct3D:
    Version:  Direct3D 11.0 [level 11.1]
    Renderer: NVIDIA GeForce GTX 1060 with Max-Q Design (ID=0x1c20)
    Vendor:   NVIDIA
    VRAM:     6052 MB
    Driver:   30.0.15.1169
Initialize mono
Mono path[0] = 'D:/Unity 2021.3.13f1/Editor/Data/Managed'
Mono path[1] = 'D:/Unity 2021.3.13f1/Editor/Data/MonoBleedingEdge/lib/mono/unityjit-win32'
Mono config path = 'D:/Unity 2021.3.13f1/Editor/Data/MonoBleedingEdge/etc'
Using monoOptions --debugger-agent=transport=dt_socket,embedding=1,server=y,suspend=n,address=127.0.0.1:56744
Begin MonoManager ReloadAssembly
Registering precompiled unity dll's ...
Register platform support module: D:/Unity 2021.3.13f1/Editor/Data/PlaybackEngines/WindowsStandaloneSupport/UnityEditor.WindowsStandalone.Extensions.dll
Registered in 0.002782 seconds.
Native extension for WindowsStandalone target not found
Refreshing native plugins compatible for Editor in 103.08 ms, found 3 plugins.
Preloading 0 native plugins for Editor in 0.00 ms.
Mono: successfully reloaded assembly
- Completed reload, in  0.954 seconds
Domain Reload Profiling:
	ReloadAssembly (954ms)
		BeginReloadAssembly (122ms)
			ExecutionOrderSort (0ms)
			DisableScriptedObjects (0ms)
			BackupInstance (0ms)
			ReleaseScriptingObjects (0ms)
			CreateAndSetChildDomain (2ms)
		EndReloadAssembly (680ms)
			LoadAssemblies (120ms)
			RebuildTransferFunctionScriptingTraits (0ms)
			SetupTypeCache (161ms)
			ReleaseScriptCaches (0ms)
			RebuildScriptCaches (43ms)
			SetupLoadedEditorAssemblies (396ms)
				LogAssemblyErrors (0ms)
				InitializePlatformSupportModulesInManaged (10ms)
				SetLoadedEditorAssemblies (0ms)
				RefreshPlugins (103ms)
				BeforeProcessingInitializeOnLoad (3ms)
				ProcessInitializeOnLoadAttributes (198ms)
				ProcessInitializeOnLoadMethodAttributes (81ms)
				AfterProcessingInitializeOnLoad (0ms)
				EditorAssembliesLoaded (0ms)
			ExecutionOrderSort2 (0ms)
			AwakeInstancesAfterBackupRestoration (0ms)
Platform modules already initialized, skipping
Registering precompiled user dll's ...
Registered in 0.006655 seconds.
Begin MonoManager ReloadAssembly
Symbol file LoadedFromMemory doesn't match image D:\GB_Fogelzan\The Day Maiden\Library\PackageCache\com.unity.visualscripting@1.8.0\Editor\VisualScripting.Core\Dependencies\YamlDotNet\Unity.VisualScripting.YamlDotNet.dll
Symbol file LoadedFromMemory doesn't match image D:\GB_Fogelzan\The Day Maiden\Library\PackageCache\com.unity.visualscripting@1.8.0\Editor\VisualScripting.Core\Dependencies\DotNetZip\Unity.VisualScripting.IonicZip.dll
Native extension for WindowsStandalone target not found
Refreshing native plugins compatible for Editor in 0.59 ms, found 3 plugins.
Preloading 0 native plugins for Editor in 0.00 ms.
Mono: successfully reloaded assembly
- Completed reload, in  1.549 seconds
Domain Reload Profiling:
	ReloadAssembly (1551ms)
		BeginReloadAssembly (182ms)
			ExecutionOrderSort (0ms)
			DisableScriptedObjects (9ms)
			BackupInstance (0ms)
			ReleaseScriptingObjects (0ms)
			CreateAndSetChildDomain (26ms)
		EndReloadAssembly (1203ms)
			LoadAssemblies (121ms)
			RebuildTransferFunctionScriptingTraits (0ms)
			SetupTypeCache (396ms)
			ReleaseScriptCaches (1ms)
			RebuildScriptCaches (85ms)
			SetupLoadedEditorAssemblies (544ms)
				LogAssemblyErrors (0ms)
				InitializePlatformSupportModulesInManaged (8ms)
				SetLoadedEditorAssemblies (1ms)
				RefreshPlugins (1ms)
				BeforeProcessingInitializeOnLoad (104ms)
				ProcessInitializeOnLoadAttributes (393ms)
				ProcessInitializeOnLoadMethodAttributes (34ms)
				AfterProcessingInitializeOnLoad (4ms)
				EditorAssembliesLoaded (0ms)
			ExecutionOrderSort2 (0ms)
			AwakeInstancesAfterBackupRestoration (14ms)
Platform modules already initialized, skipping
========================================================================
Worker process is ready to serve import requests
Launched and connected shader compiler UnityShaderCompiler.exe after 0.12 seconds
Refreshing native plugins compatible for Editor in 0.54 ms, found 3 plugins.
Preloading 0 native plugins for Editor in 0.00 ms.
Unloading 3218 Unused Serialized files (Serialized files now loaded: 0)
Unloading 35 unused Assets / (129.0 KB). Loaded Objects now: 3710.
Memory consumption went from 154.3 MB to 154.2 MB.
Total: 4.374900 ms (FindLiveObjects: 0.632400 ms CreateObjectMapping: 0.527500 ms MarkObjects: 3.108700 ms  DeleteObjects: 0.104700 ms)

AssetImportParameters requested are different than current active one (requested -> active):
  custom:video-decoder-ogg-theora: a1e56fd34408186e4bbccfd4996cb3dc -> 
  custom:container-muxer-webm: aa71ff27fc2769a1b78a27578f13a17b -> 
  custom:container-demuxer-webm: 4f35f7cbe854078d1ac9338744f61a02 -> 
  custom:video-encoder-webm-vp8: eb34c28f22e8b96e1ab97ce403110664 -> 
  custom:audio-encoder-webm-vorbis: bf7c407c2cedff20999df2af8eb42d56 -> 
  custom:framework-win-MediaFoundation: 216162199b28c13a410421893ffa2e32 -> 
  custom:container-demuxer-ogg: 62fdf1f143b41e24485cea50d1cbac27 -> 
  custom:video-decoder-webm-vp8: 9c59270c3fd7afecdb556c50c9e8de78 -> 
  custom:audio-decoder-ogg-vorbis: bf7c407c2cedff20999df2af8eb42d56 -> 
========================================================================
Received Import Request.
  Time since last request: 348162.384467 seconds.
  path: Assets/Assets/Altar
  artifactKey: Guid(3c44a749d5ed4ee4fb48bdc4ed4266e0) Importer(815301076,1909f56bfc062723c751e8b465ee728b)
Start importing Assets/Assets/Altar using Guid(3c44a749d5ed4ee4fb48bdc4ed4266e0) Importer(815301076,1909f56bfc062723c751e8b465ee728b)  -> (artifact id: '0c92f017c8654f69ed59993c1ade1416') in 0.008914 seconds 
========================================================================
Received Import Request.
  Time since last request: 0.626956 seconds.
  path: Assets/Assets
  artifactKey: Guid(568a50d7cce215c49abeb2724b927174) Importer(815301076,1909f56bfc062723c751e8b465ee728b)
Start importing Assets/Assets using Guid(568a50d7cce215c49abeb2724b927174) Importer(815301076,1909f56bfc062723c751e8b465ee728b)  -> (artifact id: 'd631454e521f0b65fe17206dad4f445e') in 0.003797 seconds 
========================================================================
Received Import Request.
  Time since last request: 1.421586 seconds.
  path: Assets/Assets/Gardening_Tools_Pack_26_PBR_objects
  artifactKey: Guid(6974c14b46ff4ce42a16642d8fde6e5a) Importer(815301076,1909f56bfc062723c751e8b465ee728b)
Start importing Assets/Assets/Gardening_Tools_Pack_26_PBR_objects using Guid(6974c14b46ff4ce42a16642d8fde6e5a) Importer(815301076,1909f56bfc062723c751e8b465ee728b)  -> (artifact id: '2cdb8af97f86e19809534c82e5169812') in 0.003824 seconds 
========================================================================
Received Import Request.
  Time since last request: 0.519853 seconds.
  path: Assets/Assets/Plant
  artifactKey: Guid(e4a9040fd8ea80f4096ab946cddc064c) Importer(815301076,1909f56bfc062723c751e8b465ee728b)
Start importing Assets/Assets/Plant using Guid(e4a9040fd8ea80f4096ab946cddc064c) Importer(815301076,1909f56bfc062723c751e8b465ee728b)  -> (artifact id: '41b9313557be6dcf511cea38723d59fe') in 0.002557 seconds 
========================================================================
Received Import Request.
  Time since last request: 0.322317 seconds.
  path: Assets/Assets/SkyBox_Day
  artifactKey: Guid(11f6c0b4f971e7147baa13b63ca8793e) Importer(815301076,1909f56bfc062723c751e8b465ee728b)
Start importing Assets/Assets/SkyBox_Day using Guid(11f6c0b4f971e7147baa13b63ca8793e) Importer(815301076,1909f56bfc062723c751e8b465ee728b)  -> (artifact id: 'cff012a4efc9b0714981b055eaf253a7') in 0.002737 seconds 
========================================================================
Received Import Request.
  Time since last request: 3.396923 seconds.
  path: Assets/Assets/SkyBox_Day/Stylized Sky
  artifactKey: Guid(135450dfab8085c4ebd673f58f013df4) Importer(815301076,1909f56bfc062723c751e8b465ee728b)
Start importing Assets/Assets/SkyBox_Day/Stylized Sky using Guid(135450dfab8085c4ebd673f58f013df4) Importer(815301076,1909f56bfc062723c751e8b465ee728b)  -> (artifact id: '2ccfb368305ac502916422239599734f') in 0.002818 seconds 
========================================================================
Received Import Request.
  Time since last request: 7.679952 seconds.
  path: Assets/Material
  artifactKey: Guid(d43fcd5c0b620e640b3a7fb45eb10d2c) Importer(815301076,1909f56bfc062723c751e8b465ee728b)
Start importing Assets/Material using Guid(d43fcd5c0b620e640b3a7fb45eb10d2c) Importer(815301076,1909f56bfc062723c751e8b465ee728b)  -> (artifact id: '4b372355ea7b73f0e0611c86b0c09be2') in 0.004195 seconds 
========================================================================
Received Import Request.
  Time since last request: 0.039714 seconds.
  path: Assets/Material/brown.mat
  artifactKey: Guid(d6f45aa0e9e2cc141aed60c48f219aab) Importer(815301076,1909f56bfc062723c751e8b465ee728b)
Start importing Assets/Material/brown.mat using Guid(d6f45aa0e9e2cc141aed60c48f219aab) Importer(815301076,1909f56bfc062723c751e8b465ee728b)  -> (artifact id: 'cec21dff1084937c9f378a72a19765e9') in 0.292345 seconds 
========================================================================
Received Import Request.
  Time since last request: 0.000027 seconds.
  path: Assets/Material/Gray.mat
  artifactKey: Guid(0abb44e114ffeb04889f146730110cd3) Importer(815301076,1909f56bfc062723c751e8b465ee728b)
Start importing Assets/Material/Gray.mat using Guid(0abb44e114ffeb04889f146730110cd3) Importer(815301076,1909f56bfc062723c751e8b465ee728b)  -> (artifact id: '88efe4ac43b8a99823a8fd671f251c48') in 0.015384 seconds 
========================================================================
Received Import Request.
  Time since last request: 0.000032 seconds.
  path: Assets/Material/white.mat
  artifactKey: Guid(5ea4b40902a3c6149b134bc4b29e7c8a) Importer(815301076,1909f56bfc062723c751e8b465ee728b)
Start importing Assets/Material/white.mat using Guid(5ea4b40902a3c6149b134bc4b29e7c8a) Importer(815301076,1909f56bfc062723c751e8b465ee728b)  -> (artifact id: '63d9cda4f80ba576b99ba4e4a3f75cf8') in 0.012839 seconds 
========================================================================
Received Import Request.
  Time since last request: 0.000042 seconds.
  path: Assets/Material/Green.mat
  artifactKey: Guid(1e0270f99069a844bbb9c40fde1387ec) Importer(815301076,1909f56bfc062723c751e8b465ee728b)
Start importing Assets/Material/Green.mat using Guid(1e0270f99069a844bbb9c40fde1387ec) Importer(815301076,1909f56bfc062723c751e8b465ee728b)  -> (artifact id: 'babc37468daf48b74a1241ef93bdff2b') in 0.016655 seconds 
========================================================================
Received Import Request.
  Time since last request: 0.000027 seconds.
  path: Assets/Material/Yellow.mat
  artifactKey: Guid(905dc931682ccc24cb5fb0f21938bb66) Importer(815301076,1909f56bfc062723c751e8b465ee728b)
Start importing Assets/Material/Yellow.mat using Guid(905dc931682ccc24cb5fb0f21938bb66) Importer(815301076,1909f56bfc062723c751e8b465ee728b)  -> (artifact id: 'bf27f4b4e3ba05d1d80d604a04918836') in 0.122477 seconds 
========================================================================
Received Import Request.
  Time since last request: 0.000023 seconds.
  path: Assets/Material/Red.mat
  artifactKey: Guid(eef50802cd8131e44908bd9a38d490ae) Importer(815301076,1909f56bfc062723c751e8b465ee728b)
Start importing Assets/Material/Red.mat using Guid(eef50802cd8131e44908bd9a38d490ae) Importer(815301076,1909f56bfc062723c751e8b465ee728b)  -> (artifact id: '1750cd4c87f8fd0d3b9f0ffe7cadf234') in 0.015060 seconds 
========================================================================
Received Import Request.
  Time since last request: 53.896195 seconds.
  path: Assets/Assets/Altar/3DModels
  artifactKey: Guid(b221614a2517fe24798e7fbb5fa5daa1) Importer(815301076,1909f56bfc062723c751e8b465ee728b)
Start importing Assets/Assets/Altar/3DModels using Guid(b221614a2517fe24798e7fbb5fa5daa1) Importer(815301076,1909f56bfc062723c751e8b465ee728b)  -> (artifact id: 'ea55b19fb6f080ec10e8b4a6c40051f8') in 0.002453 seconds 
========================================================================
Received Import Request.
  Time since last request: 0.277292 seconds.
  path: Assets/Assets/Altar/3DModels/Mesh_AncientRuinsUnity.fbx
  artifactKey: Guid(90220ae87f239d4498c425af8694ed9e) Importer(815301076,1909f56bfc062723c751e8b465ee728b)
Start importing Assets/Assets/Altar/3DModels/Mesh_AncientRuinsUnity.fbx using Guid(90220ae87f239d4498c425af8694ed9e) Importer(815301076,1909f56bfc062723c751e8b465ee728b)  -> (artifact id: 'd307e837e87381d077e3267f1d9ef221') in 0.377236 seconds 
========================================================================
Received Prepare
Registering precompiled user dll's ...
Registered in 0.004111 seconds.
Begin MonoManager ReloadAssembly
Symbol file LoadedFromMemory doesn't match image D:\GB_Fogelzan\The Day Maiden\Library\PackageCache\com.unity.visualscripting@1.8.0\Editor\VisualScripting.Core\Dependencies\YamlDotNet\Unity.VisualScripting.YamlDotNet.dll
Symbol file LoadedFromMemory doesn't match image D:\GB_Fogelzan\The Day Maiden\Library\PackageCache\com.unity.visualscripting@1.8.0\Editor\VisualScripting.Core\Dependencies\DotNetZip\Unity.VisualScripting.IonicZip.dll
Native extension for WindowsStandalone target not found
Refreshing native plugins compatible for Editor in 0.97 ms, found 3 plugins.
Preloading 0 native plugins for Editor in 0.00 ms.
Mono: successfully reloaded assembly
- Completed reload, in  1.754 seconds
Domain Reload Profiling:
	ReloadAssembly (1755ms)
		BeginReloadAssembly (183ms)
			ExecutionOrderSort (0ms)
			DisableScriptedObjects (8ms)
			BackupInstance (0ms)
			ReleaseScriptingObjects (0ms)
			CreateAndSetChildDomain (45ms)
		EndReloadAssembly (1449ms)
			LoadAssemblies (117ms)
			RebuildTransferFunctionScriptingTraits (0ms)
			SetupTypeCache (410ms)
			ReleaseScriptCaches (1ms)
			RebuildScriptCaches (139ms)
			SetupLoadedEditorAssemblies (624ms)
				LogAssemblyErrors (0ms)
				InitializePlatformSupportModulesInManaged (21ms)
				SetLoadedEditorAssemblies (1ms)
				RefreshPlugins (1ms)
				BeforeProcessingInitializeOnLoad (103ms)
				ProcessInitializeOnLoadAttributes (453ms)
				ProcessInitializeOnLoadMethodAttributes (37ms)
				AfterProcessingInitializeOnLoad (6ms)
				EditorAssembliesLoaded (1ms)
			ExecutionOrderSort2 (0ms)
			AwakeInstancesAfterBackupRestoration (18ms)
Platform modules already initialized, skipping
Refreshing native plugins compatible for Editor in 2.60 ms, found 3 plugins.
Preloading 0 native plugins for Editor in 0.00 ms.
Unloading 3208 Unused Serialized files (Serialized files now loaded: 0)
Unloading 16 unused Assets / (95.4 KB). Loaded Objects now: 3769.
Memory consumption went from 158.5 MB to 158.4 MB.
Total: 4.047500 ms (FindLiveObjects: 0.323400 ms CreateObjectMapping: 0.268800 ms MarkObjects: 3.411000 ms  DeleteObjects: 0.043100 ms)

AssetImportParameters requested are different than current active one (requested -> active):
  custom:video-decoder-ogg-theora: a1e56fd34408186e4bbccfd4996cb3dc -> 
  custom:container-muxer-webm: aa71ff27fc2769a1b78a27578f13a17b -> 
  custom:container-demuxer-webm: 4f35f7cbe854078d1ac9338744f61a02 -> 
  custom:video-encoder-webm-vp8: eb34c28f22e8b96e1ab97ce403110664 -> 
  custom:audio-encoder-webm-vorbis: bf7c407c2cedff20999df2af8eb42d56 -> 
  custom:framework-win-MediaFoundation: 216162199b28c13a410421893ffa2e32 -> 
  custom:container-demuxer-ogg: 62fdf1f143b41e24485cea50d1cbac27 -> 
  custom:video-decoder-webm-vp8: 9c59270c3fd7afecdb556c50c9e8de78 -> 
  custom:audio-decoder-ogg-vorbis: bf7c407c2cedff20999df2af8eb42d56 -> 
========================================================================
Received Import Request.
  Time since last request: 262.177338 seconds.
  path: Assets/Assets/Gardening_Tools_Pack_26_PBR_objects/Materials
  artifactKey: Guid(6654c18ca06757841af744ae23b237e3) Importer(815301076,1909f56bfc062723c751e8b465ee728b)
Start importing Assets/Assets/Gardening_Tools_Pack_26_PBR_objects/Materials using Guid(6654c18ca06757841af744ae23b237e3) Importer(815301076,1909f56bfc062723c751e8b465ee728b)  -> (artifact id: '1515b3b5731a2704ce394153b6ea0ab0') in 0.009735 seconds 
========================================================================
Received Import Request.
  Time since last request: 0.059499 seconds.
  path: Assets/Assets/Gardening_Tools_Pack_26_PBR_objects/Materials/Gardening_Tools_001_MAT_01.mat
  artifactKey: Guid(f089c83691f48394cabdf67f7e964e59) Importer(815301076,1909f56bfc062723c751e8b465ee728b)
Start importing Assets/Assets/Gardening_Tools_Pack_26_PBR_objects/Materials/Gardening_Tools_001_MAT_01.mat using Guid(f089c83691f48394cabdf67f7e964e59) Importer(815301076,1909f56bfc062723c751e8b465ee728b)  -> (artifact id: '7b08d45b8924bc73535562d4d76e6dc0') in 0.443838 seconds 
========================================================================
Received Import Request.
  Time since last request: 31.276134 seconds.
  path: Assets/Assets/Character/BaseCharacter/BaseCharacter/Sourcefiles/BaseCharacter.fbx
  artifactKey: Guid(d8e6717bd7507b44c9fc5a0a6749ec6c) Importer(815301076,1909f56bfc062723c751e8b465ee728b)
Start importing Assets/Assets/Character/BaseCharacter/BaseCharacter/Sourcefiles/BaseCharacter.fbx using Guid(d8e6717bd7507b44c9fc5a0a6749ec6c) Importer(815301076,1909f56bfc062723c751e8b465ee728b)  -> (artifact id: '0f007ea452e1d14e5627b0c09391d2f7') in 0.636337 seconds 
========================================================================
Received Import Request.
  Time since last request: 0.000028 seconds.
  path: Assets/Assets/Plant/Free Low Poly Nature Pack/Meshes/PP_Hyacinth_04.fbx
  artifactKey: Guid(46d171de72518e343891c4b4c03e5103) Importer(815301076,1909f56bfc062723c751e8b465ee728b)
Start importing Assets/Assets/Plant/Free Low Poly Nature Pack/Meshes/PP_Hyacinth_04.fbx using Guid(46d171de72518e343891c4b4c03e5103) Importer(815301076,1909f56bfc062723c751e8b465ee728b)  -> (artifact id: '7f43501e5b60b8801cfa6729996640df') in 0.017895 seconds 
========================================================================
Received Import Request.
  Time since last request: 0.000034 seconds.
  path: Assets/Assets/Plant/Free Low Poly Nature Pack/Meshes/PP_Sunflower_04.fbx
  artifactKey: Guid(5374e258aa8b0a54b9ad017e47f849ec) Importer(815301076,1909f56bfc062723c751e8b465ee728b)
Start importing Assets/Assets/Plant/Free Low Poly Nature Pack/Meshes/PP_Sunflower_04.fbx using Guid(5374e258aa8b0a54b9ad017e47f849ec) Importer(815301076,1909f56bfc062723c751e8b465ee728b)  -> (artifact id: '78eb558bfd1d8159083b791fd9f817b8') in 0.016336 seconds 
========================================================================
Received Import Request.
  Time since last request: 0.000023 seconds.
  path: Assets/Assets/Plant/Free Low Poly Nature Pack/Meshes/PP_Grass_15.fbx
  artifactKey: Guid(ac41480a091ee2446a41d386b366ae44) Importer(815301076,1909f56bfc062723c751e8b465ee728b)
Start importing Assets/Assets/Plant/Free Low Poly Nature Pack/Meshes/PP_Grass_15.fbx using Guid(ac41480a091ee2446a41d386b366ae44) Importer(815301076,1909f56bfc062723c751e8b465ee728b)  -> (artifact id: '3bc292c07daabe580bddf380a609502e') in 0.014666 seconds 
========================================================================
Received Import Request.
  Time since last request: 0.000022 seconds.
  path: Assets/Assets/Plant/Free Low Poly Nature Pack/Meshes/PP_Mushroom_Fantasy_Purple_08.fbx
  artifactKey: Guid(6aac2ae04e9a93646918391471e1a564) Importer(815301076,1909f56bfc062723c751e8b465ee728b)
Start importing Assets/Assets/Plant/Free Low Poly Nature Pack/Meshes/PP_Mushroom_Fantasy_Purple_08.fbx using Guid(6aac2ae04e9a93646918391471e1a564) Importer(815301076,1909f56bfc062723c751e8b465ee728b)  -> (artifact id: 'c5cdf01710be231a5c86d650cd46efe3') in 0.015567 seconds 
========================================================================
Received Import Request.
  Time since last request: 0.000026 seconds.
  path: Assets/Assets/Plant/Free Low Poly Nature Pack/Meshes/PP_Grass_11.fbx
  artifactKey: Guid(b50dd34feb8fa1b4fa5aa0a7d2271066) Importer(815301076,1909f56bfc062723c751e8b465ee728b)
Start importing Assets/Assets/Plant/Free Low Poly Nature Pack/Meshes/PP_Grass_11.fbx using Guid(b50dd34feb8fa1b4fa5aa0a7d2271066) Importer(815301076,1909f56bfc062723c751e8b465ee728b)  -> (artifact id: '0049f7b41a2d83e1855d35fee4906479') in 0.016960 seconds 
========================================================================
Received Prepare
Registering precompiled user dll's ...
Registered in 0.005157 seconds.
Begin MonoManager ReloadAssembly
Symbol file LoadedFromMemory doesn't match image D:\GB_Fogelzan\The Day Maiden\Library\PackageCache\com.unity.visualscripting@1.8.0\Editor\VisualScripting.Core\Dependencies\YamlDotNet\Unity.VisualScripting.YamlDotNet.dll
Symbol file LoadedFromMemory doesn't match image D:\GB_Fogelzan\The Day Maiden\Library\PackageCache\com.unity.visualscripting@1.8.0\Editor\VisualScripting.Core\Dependencies\DotNetZip\Unity.VisualScripting.IonicZip.dll
Native extension for WindowsStandalone target not found
Refreshing native plugins compatible for Editor in 0.61 ms, found 3 plugins.
Preloading 0 native plugins for Editor in 0.00 ms.
Mono: successfully reloaded assembly
- Completed reload, in  1.613 seconds
Domain Reload Profiling:
	ReloadAssembly (1614ms)
		BeginReloadAssembly (176ms)
			ExecutionOrderSort (0ms)
			DisableScriptedObjects (7ms)
			BackupInstance (0ms)
			ReleaseScriptingObjects (0ms)
			CreateAndSetChildDomain (44ms)
		EndReloadAssembly (1312ms)
			LoadAssemblies (114ms)
			RebuildTransferFunctionScriptingTraits (0ms)
			SetupTypeCache (377ms)
			ReleaseScriptCaches (2ms)
			RebuildScriptCaches (93ms)
			SetupLoadedEditorAssemblies (605ms)
				LogAssemblyErrors (0ms)
				InitializePlatformSupportModulesInManaged (25ms)
				SetLoadedEditorAssemblies (1ms)
				RefreshPlugins (1ms)
				BeforeProcessingInitializeOnLoad (105ms)
				ProcessInitializeOnLoadAttributes (422ms)
				ProcessInitializeOnLoadMethodAttributes (41ms)
				AfterProcessingInitializeOnLoad (10ms)
				EditorAssembliesLoaded (0ms)
			ExecutionOrderSort2 (0ms)
			AwakeInstancesAfterBackupRestoration (17ms)
Platform modules already initialized, skipping
Refreshing native plugins compatible for Editor in 2.28 ms, found 3 plugins.
Preloading 0 native plugins for Editor in 0.00 ms.
Unloading 3208 Unused Serialized files (Serialized files now loaded: 0)
Unloading 16 unused Assets / (95.3 KB). Loaded Objects now: 3786.
Memory consumption went from 171.2 MB to 171.1 MB.
Total: 4.247600 ms (FindLiveObjects: 0.284300 ms CreateObjectMapping: 0.197800 ms MarkObjects: 3.723200 ms  DeleteObjects: 0.040700 ms)

AssetImportParameters requested are different than current active one (requested -> active):
  custom:video-decoder-ogg-theora: a1e56fd34408186e4bbccfd4996cb3dc -> 
  custom:container-muxer-webm: aa71ff27fc2769a1b78a27578f13a17b -> 
  custom:container-demuxer-webm: 4f35f7cbe854078d1ac9338744f61a02 -> 
  custom:video-encoder-webm-vp8: eb34c28f22e8b96e1ab97ce403110664 -> 
  custom:audio-encoder-webm-vorbis: bf7c407c2cedff20999df2af8eb42d56 -> 
  custom:framework-win-MediaFoundation: 216162199b28c13a410421893ffa2e32 -> 
  custom:container-demuxer-ogg: 62fdf1f143b41e24485cea50d1cbac27 -> 
  custom:video-decoder-webm-vp8: 9c59270c3fd7afecdb556c50c9e8de78 -> 
  custom:audio-decoder-ogg-vorbis: bf7c407c2cedff20999df2af8eb42d56 -> 
========================================================================
Received Import Request.
  Time since last request: 81.108697 seconds.
  path: Assets/Assets/Character
  artifactKey: Guid(3700bdb6c880f2b4a94cf59df1d80695) Importer(815301076,1909f56bfc062723c751e8b465ee728b)
Start importing Assets/Assets/Character using Guid(3700bdb6c880f2b4a94cf59df1d80695) Importer(815301076,1909f56bfc062723c751e8b465ee728b)  -> (artifact id: 'ec40092e20de5a71ed15fef4ca8c34b7') in 0.008375 seconds 
========================================================================
Received Import Request.
  Time since last request: 0.576957 seconds.
  path: Assets/Assets/Character/BaseCharacter
  artifactKey: Guid(7e6aef82b559af64c9b699321cbcce90) Importer(815301076,1909f56bfc062723c751e8b465ee728b)
Start importing Assets/Assets/Character/BaseCharacter using Guid(7e6aef82b559af64c9b699321cbcce90) Importer(815301076,1909f56bfc062723c751e8b465ee728b)  -> (artifact id: '70fae1dc76b702665de28e79c3e69d11') in 0.002132 seconds 
========================================================================
Received Import Request.
  Time since last request: 0.646350 seconds.
  path: Assets/Assets/Character/BaseCharacter/BaseCharacter
  artifactKey: Guid(f9f9e92d49849014386e7cdb245c993f) Importer(815301076,1909f56bfc062723c751e8b465ee728b)
Start importing Assets/Assets/Character/BaseCharacter/BaseCharacter using Guid(f9f9e92d49849014386e7cdb245c993f) Importer(815301076,1909f56bfc062723c751e8b465ee728b)  -> (artifact id: 'aa4f0a8be947c0cd8dcbe7e4b7cdd6d4') in 0.002662 seconds 
========================================================================
Received Import Request.
  Time since last request: 0.479783 seconds.
  path: Assets/Assets/Character/BaseCharacter/BaseCharacter/Sourcefiles
  artifactKey: Guid(3ee06154672a6f945b79158f4e51f142) Importer(815301076,1909f56bfc062723c751e8b465ee728b)
Start importing Assets/Assets/Character/BaseCharacter/BaseCharacter/Sourcefiles using Guid(3ee06154672a6f945b79158f4e51f142) Importer(815301076,1909f56bfc062723c751e8b465ee728b)  -> (artifact id: '1106b759a05d037a27c2608d39aa8818') in 0.002612 seconds 
========================================================================
Received Import Request.
  Time since last request: 8.643831 seconds.
  path: Assets/UI
  artifactKey: Guid(c6e3f78a9a202bc4ba0f4d7bbc310930) Importer(815301076,1909f56bfc062723c751e8b465ee728b)
Start importing Assets/UI using Guid(c6e3f78a9a202bc4ba0f4d7bbc310930) Importer(815301076,1909f56bfc062723c751e8b465ee728b)  -> (artifact id: 'bb76f0569b45839e3613b1032f63e1b0') in 0.003422 seconds 
========================================================================
Received Import Request.
  Time since last request: 0.152324 seconds.
  path: Assets/UI/BarHP.png
  artifactKey: Guid(9fe7986378860614d8fc31e7c4d1f23d) Importer(815301076,1909f56bfc062723c751e8b465ee728b)
Start importing Assets/UI/BarHP.png using Guid(9fe7986378860614d8fc31e7c4d1f23d) Importer(815301076,1909f56bfc062723c751e8b465ee728b)  -> (artifact id: '91dc9cac71a59c447d2360571921efbf') in 0.090810 seconds 
========================================================================
Received Import Request.
  Time since last request: 0.000027 seconds.
  path: Assets/UI/Кнопка.png
  artifactKey: Guid(be30f651deaea764c957d36d7e2b26a5) Importer(815301076,1909f56bfc062723c751e8b465ee728b)
Start importing Assets/UI/Кнопка.png using Guid(be30f651deaea764c957d36d7e2b26a5) Importer(815301076,1909f56bfc062723c751e8b465ee728b)  -> (artifact id: '0a720e4f20f3be69702571af91ca1673') in 0.171923 seconds 
========================================================================
Received Import Request.
  Time since last request: 0.000032 seconds.
  path: Assets/UI/ExitBack.png
  artifactKey: Guid(66f4225f43bea3a4c81eb8e0d5ea7da5) Importer(815301076,1909f56bfc062723c751e8b465ee728b)
Start importing Assets/UI/ExitBack.png using Guid(66f4225f43bea3a4c81eb8e0d5ea7da5) Importer(815301076,1909f56bfc062723c751e8b465ee728b)  -> (artifact id: '9603e18222fe2ece2d6cfea421ae04eb') in 0.024266 seconds 
========================================================================
Received Import Request.
  Time since last request: 404.320184 seconds.
  path: Assets/Assets/Character/BaseCharacter/BaseCharacter/Sourcefiles/Tex
  artifactKey: Guid(8bc06b1b2d856df4ab0e9a3152609006) Importer(815301076,1909f56bfc062723c751e8b465ee728b)
Start importing Assets/Assets/Character/BaseCharacter/BaseCharacter/Sourcefiles/Tex using Guid(8bc06b1b2d856df4ab0e9a3152609006) Importer(815301076,1909f56bfc062723c751e8b465ee728b)  -> (artifact id: '891fff482b3c3640bd32db965315e974') in 0.003230 seconds 
========================================================================
Received Import Request.
  Time since last request: 0.084283 seconds.
  path: Assets/Assets/Character/BaseCharacter/BaseCharacter/Sourcefiles/Tex/Tex_Body.png
  artifactKey: Guid(33ae753ae5250b64b8518d1412278dc9) Importer(815301076,1909f56bfc062723c751e8b465ee728b)
Start importing Assets/Assets/Character/BaseCharacter/BaseCharacter/Sourcefiles/Tex/Tex_Body.png using Guid(33ae753ae5250b64b8518d1412278dc9) Importer(815301076,1909f56bfc062723c751e8b465ee728b)  -> (artifact id: 'b396428a62dddba1ae6cd5796c72ad70') in 0.021194 seconds 
========================================================================
Received Import Request.
  Time since last request: 0.000028 seconds.
  path: Assets/Assets/Character/BaseCharacter/BaseCharacter/Sourcefiles/Tex/Tex_Hair5_head.png
  artifactKey: Guid(d6a30f92d6a124c44a8d69684056cf42) Importer(815301076,1909f56bfc062723c751e8b465ee728b)
Start importing Assets/Assets/Character/BaseCharacter/BaseCharacter/Sourcefiles/Tex/Tex_Hair5_head.png using Guid(d6a30f92d6a124c44a8d69684056cf42) Importer(815301076,1909f56bfc062723c751e8b465ee728b)  -> (artifact id: '2122124ad9c2338c0728af3dd2e26445') in 0.019703 seconds 
========================================================================
Received Import Request.
  Time since last request: 0.000023 seconds.
  path: Assets/Assets/Character/BaseCharacter/BaseCharacter/Sourcefiles/Tex/Tex_Face_makeup.png
  artifactKey: Guid(3a571e842be92854c8e1e5e1ac0cd2d7) Importer(815301076,1909f56bfc062723c751e8b465ee728b)
Start importing Assets/Assets/Character/BaseCharacter/BaseCharacter/Sourcefiles/Tex/Tex_Face_makeup.png using Guid(3a571e842be92854c8e1e5e1ac0cd2d7) Importer(815301076,1909f56bfc062723c751e8b465ee728b)  -> (artifact id: '81add50ae5dbdc693a1a7753a26493ef') in 0.014497 seconds 
========================================================================
Received Import Request.
  Time since last request: 0.000025 seconds.
  path: Assets/Assets/Character/BaseCharacter/BaseCharacter/Sourcefiles/Tex/Tex_underwear_2.png
  artifactKey: Guid(22e4f33bce492a64c8d2f4266d13c241) Importer(815301076,1909f56bfc062723c751e8b465ee728b)
Start importing Assets/Assets/Character/BaseCharacter/BaseCharacter/Sourcefiles/Tex/Tex_underwear_2.png using Guid(22e4f33bce492a64c8d2f4266d13c241) Importer(815301076,1909f56bfc062723c751e8b465ee728b)  -> (artifact id: '1868038c0fded52c3655bb9de2db5371') in 0.061892 seconds 
========================================================================
Received Import Request.
  Time since last request: 0.000024 seconds.
  path: Assets/Assets/Character/BaseCharacter/BaseCharacter/Sourcefiles/Tex/Tex_Hair4_head.png
  artifactKey: Guid(e1465639d7246b84b8635491c7ffeaec) Importer(815301076,1909f56bfc062723c751e8b465ee728b)
Start importing Assets/Assets/Character/BaseCharacter/BaseCharacter/Sourcefiles/Tex/Tex_Hair4_head.png using Guid(e1465639d7246b84b8635491c7ffeaec) Importer(815301076,1909f56bfc062723c751e8b465ee728b)  -> (artifact id: '52c2a43e0d50e2453a44b146ab8caf19') in 0.011646 seconds 
========================================================================
Received Import Request.
  Time since last request: 0.000046 seconds.
  path: Assets/Assets/Character/BaseCharacter/BaseCharacter/Sourcefiles/Tex/Tex_Eyelashes.png
  artifactKey: Guid(437943a3b8830dc4d913be00a926114d) Importer(815301076,1909f56bfc062723c751e8b465ee728b)
Start importing Assets/Assets/Character/BaseCharacter/BaseCharacter/Sourcefiles/Tex/Tex_Eyelashes.png using Guid(437943a3b8830dc4d913be00a926114d) Importer(815301076,1909f56bfc062723c751e8b465ee728b)  -> (artifact id: '77881e99dbd75d741ba9ef22b727982f') in 0.012937 seconds 
========================================================================
Received Import Request.
  Time since last request: 0.000025 seconds.
  path: Assets/Assets/Character/BaseCharacter/BaseCharacter/Sourcefiles/Tex/Tex_underwear_1.png
  artifactKey: Guid(68812920ec2796e4894cb2957e3d920c) Importer(815301076,1909f56bfc062723c751e8b465ee728b)
Start importing Assets/Assets/Character/BaseCharacter/BaseCharacter/Sourcefiles/Tex/Tex_underwear_1.png using Guid(68812920ec2796e4894cb2957e3d920c) Importer(815301076,1909f56bfc062723c751e8b465ee728b)  -> (artifact id: 'c98c0d3fea99bac4ddbf2443bd0d3330') in 0.009656 seconds 
========================================================================
Received Import Request.
  Time since last request: 0.000023 seconds.
  path: Assets/Assets/Character/BaseCharacter/BaseCharacter/Sourcefiles/Tex/Tex_Hair2_head.png
  artifactKey: Guid(051f3414ac172e84babdb73cdc3c832a) Importer(815301076,1909f56bfc062723c751e8b465ee728b)
Start importing Assets/Assets/Character/BaseCharacter/BaseCharacter/Sourcefiles/Tex/Tex_Hair2_head.png using Guid(051f3414ac172e84babdb73cdc3c832a) Importer(815301076,1909f56bfc062723c751e8b465ee728b)  -> (artifact id: '0d6eb1dec06e1649dd1e86c04e5fe535') in 0.013289 seconds 
========================================================================
Received Import Request.
  Time since last request: 0.000021 seconds.
  path: Assets/Assets/Character/BaseCharacter/BaseCharacter/Sourcefiles/Tex/Tex_EyeReflection.png
  artifactKey: Guid(069ab9513901678428ac108cea95a855) Importer(815301076,1909f56bfc062723c751e8b465ee728b)
Start importing Assets/Assets/Character/BaseCharacter/BaseCharacter/Sourcefiles/Tex/Tex_EyeReflection.png using Guid(069ab9513901678428ac108cea95a855) Importer(815301076,1909f56bfc062723c751e8b465ee728b)  -> (artifact id: 'b7fa3e3b6e61112d631050e9f001e785') in 0.009329 seconds 
========================================================================
Received Import Request.
  Time since last request: 0.000088 seconds.
  path: Assets/Assets/Character/BaseCharacter/BaseCharacter/Sourcefiles/Tex/Tex_EyeWhite.png
  artifactKey: Guid(97fc1e569c53ac1458a897847c13efd6) Importer(815301076,1909f56bfc062723c751e8b465ee728b)
Start importing Assets/Assets/Character/BaseCharacter/BaseCharacter/Sourcefiles/Tex/Tex_EyeWhite.png using Guid(97fc1e569c53ac1458a897847c13efd6) Importer(815301076,1909f56bfc062723c751e8b465ee728b)  -> (artifact id: '5d50b04fdfa3d213443b8f7457cce545') in 0.012320 seconds 
========================================================================
Received Import Request.
  Time since last request: 0.000024 seconds.
  path: Assets/Assets/Character/BaseCharacter/BaseCharacter/Sourcefiles/Tex/Tex_Eyebrows.png
  artifactKey: Guid(64a26877ab9953548876b6dcad8bbb0d) Importer(815301076,1909f56bfc062723c751e8b465ee728b)
Start importing Assets/Assets/Character/BaseCharacter/BaseCharacter/Sourcefiles/Tex/Tex_Eyebrows.png using Guid(64a26877ab9953548876b6dcad8bbb0d) Importer(815301076,1909f56bfc062723c751e8b465ee728b)  -> (artifact id: '0cb6ab3066ade3a353b2a847cea9ba5b') in 0.010051 seconds 
========================================================================
Received Import Request.
  Time since last request: 0.000031 seconds.
  path: Assets/Assets/Character/BaseCharacter/BaseCharacter/Sourcefiles/Tex/Tex_Eyeliner.png
  artifactKey: Guid(40654ecb795598a448c76508bf5efa2f) Importer(815301076,1909f56bfc062723c751e8b465ee728b)
Start importing Assets/Assets/Character/BaseCharacter/BaseCharacter/Sourcefiles/Tex/Tex_Eyeliner.png using Guid(40654ecb795598a448c76508bf5efa2f) Importer(815301076,1909f56bfc062723c751e8b465ee728b)  -> (artifact id: 'fb03565e1e96b59ca939d28bfcf393df') in 0.126595 seconds 
========================================================================
Received Import Request.
  Time since last request: 0.000049 seconds.
  path: Assets/Assets/Character/BaseCharacter/BaseCharacter/Sourcefiles/Tex/Tex_Hair3_hair.png
  artifactKey: Guid(d12f3944f9b15d54cb90d8fe114dc73e) Importer(815301076,1909f56bfc062723c751e8b465ee728b)
Start importing Assets/Assets/Character/BaseCharacter/BaseCharacter/Sourcefiles/Tex/Tex_Hair3_hair.png using Guid(d12f3944f9b15d54cb90d8fe114dc73e) Importer(815301076,1909f56bfc062723c751e8b465ee728b)  -> (artifact id: '109ecdc12a3964398c7a0eba77c296e2') in 0.014048 seconds 
========================================================================
Received Import Request.
  Time since last request: 0.000051 seconds.
  path: Assets/Assets/Character/BaseCharacter/BaseCharacter/Sourcefiles/Tex/Tex_Mouth.png
  artifactKey: Guid(afcebc1f40668274fbb842430ff85d43) Importer(815301076,1909f56bfc062723c751e8b465ee728b)
Start importing Assets/Assets/Character/BaseCharacter/BaseCharacter/Sourcefiles/Tex/Tex_Mouth.png using Guid(afcebc1f40668274fbb842430ff85d43) Importer(815301076,1909f56bfc062723c751e8b465ee728b)  -> (artifact id: '39a0d253435466d4566f229c14e3dccf') in 0.015011 seconds 
========================================================================
Received Import Request.
  Time since last request: 0.000034 seconds.
  path: Assets/Assets/Character/BaseCharacter/BaseCharacter/Sourcefiles/Tex/Tex_Hair2_hair.png
  artifactKey: Guid(40b9f7d27e1400446b4974381efc1adb) Importer(815301076,1909f56bfc062723c751e8b465ee728b)
Start importing Assets/Assets/Character/BaseCharacter/BaseCharacter/Sourcefiles/Tex/Tex_Hair2_hair.png using Guid(40b9f7d27e1400446b4974381efc1adb) Importer(815301076,1909f56bfc062723c751e8b465ee728b)  -> (artifact id: 'd75b5ef32d7cc2c6a8886e30232d78dc') in 0.011354 seconds 
========================================================================
Received Import Request.
  Time since last request: 0.000039 seconds.
  path: Assets/Assets/Character/BaseCharacter/BaseCharacter/Sourcefiles/Tex/Tex_Hair3_head.png
  artifactKey: Guid(aeb82eb584a692e4eb3a784eb4e15148) Importer(815301076,1909f56bfc062723c751e8b465ee728b)
Start importing Assets/Assets/Character/BaseCharacter/BaseCharacter/Sourcefiles/Tex/Tex_Hair3_head.png using Guid(aeb82eb584a692e4eb3a784eb4e15148) Importer(815301076,1909f56bfc062723c751e8b465ee728b)  -> (artifact id: '738ae6a065b0e20bee9a2564528c15b4') in 0.014461 seconds 
========================================================================
Received Import Request.
  Time since last request: 0.000449 seconds.
  path: Assets/Assets/Character/BaseCharacter/BaseCharacter/Sourcefiles/Tex/Tex_Hair4_hair.png
  artifactKey: Guid(d16115a9ba9d5814694445e6eb4a5e04) Importer(815301076,1909f56bfc062723c751e8b465ee728b)
Start importing Assets/Assets/Character/BaseCharacter/BaseCharacter/Sourcefiles/Tex/Tex_Hair4_hair.png using Guid(d16115a9ba9d5814694445e6eb4a5e04) Importer(815301076,1909f56bfc062723c751e8b465ee728b)  -> (artifact id: '1b334b8f954490e6f305c2065de569a8') in 0.009783 seconds 
========================================================================
Received Import Request.
  Time since last request: 0.000029 seconds.
  path: Assets/Assets/Character/BaseCharacter/BaseCharacter/Sourcefiles/Tex/Tex_Hair1_head.png
  artifactKey: Guid(306bd9a3a9617b6438a3b9d67ee2505c) Importer(815301076,1909f56bfc062723c751e8b465ee728b)
Start importing Assets/Assets/Character/BaseCharacter/BaseCharacter/Sourcefiles/Tex/Tex_Hair1_head.png using Guid(306bd9a3a9617b6438a3b9d67ee2505c) Importer(815301076,1909f56bfc062723c751e8b465ee728b)  -> (artifact id: '8118c631cad06f77d851d773b08837d2') in 0.014987 seconds 
========================================================================
Received Import Request.
  Time since last request: 0.000023 seconds.
  path: Assets/Assets/Character/BaseCharacter/BaseCharacter/Sourcefiles/Tex/Tex_Hair1_hair.png
  artifactKey: Guid(6d19fd0a3cb6d884b9486bc2c75bc7f0) Importer(815301076,1909f56bfc062723c751e8b465ee728b)
Start importing Assets/Assets/Character/BaseCharacter/BaseCharacter/Sourcefiles/Tex/Tex_Hair1_hair.png using Guid(6d19fd0a3cb6d884b9486bc2c75bc7f0) Importer(815301076,1909f56bfc062723c751e8b465ee728b)  -> (artifact id: 'f3db8976b8e4a887019b617d8e6cacfe') in 0.010559 seconds 
========================================================================
Received Import Request.
  Time since last request: 0.000028 seconds.
  path: Assets/Assets/Character/BaseCharacter/BaseCharacter/Sourcefiles/Tex/Tex_Eyes.png
  artifactKey: Guid(7320534fbd4110341a14a499362e9c46) Importer(815301076,1909f56bfc062723c751e8b465ee728b)
Start importing Assets/Assets/Character/BaseCharacter/BaseCharacter/Sourcefiles/Tex/Tex_Eyes.png using Guid(7320534fbd4110341a14a499362e9c46) Importer(815301076,1909f56bfc062723c751e8b465ee728b)  -> (artifact id: 'ec814914dac862aa3c123b9a3c99c774') in 0.013800 seconds 
========================================================================
Received Import Request.
  Time since last request: 0.000023 seconds.
  path: Assets/Assets/Character/BaseCharacter/BaseCharacter/Sourcefiles/Tex/Tex_Hair5_hair.png
  artifactKey: Guid(6a800db2ae2e2654cb3cdbe75bcfb321) Importer(815301076,1909f56bfc062723c751e8b465ee728b)
Start importing Assets/Assets/Character/BaseCharacter/BaseCharacter/Sourcefiles/Tex/Tex_Hair5_hair.png using Guid(6a800db2ae2e2654cb3cdbe75bcfb321) Importer(815301076,1909f56bfc062723c751e8b465ee728b)  -> (artifact id: '548376e4a5280e974d54943cbb69f212') in 0.013368 seconds 
========================================================================
Received Import Request.
  Time since last request: 0.000051 seconds.
  path: Assets/Assets/Character/BaseCharacter/BaseCharacter/Sourcefiles/Tex/Tex_Face.png
  artifactKey: Guid(c247e86b94f92384ab47aab540ea1248) Importer(815301076,1909f56bfc062723c751e8b465ee728b)
Start importing Assets/Assets/Character/BaseCharacter/BaseCharacter/Sourcefiles/Tex/Tex_Face.png using Guid(c247e86b94f92384ab47aab540ea1248) Importer(815301076,1909f56bfc062723c751e8b465ee728b)  -> (artifact id: '9759716e70b265955a855a01d8eb4b1d') in 0.011857 seconds 
========================================================================
Received Prepare
Registering precompiled user dll's ...
Registered in 0.004208 seconds.
Begin MonoManager ReloadAssembly
Symbol file LoadedFromMemory doesn't match image D:\GB_Fogelzan\The Day Maiden\Library\PackageCache\com.unity.visualscripting@1.8.0\Editor\VisualScripting.Core\Dependencies\YamlDotNet\Unity.VisualScripting.YamlDotNet.dll
Symbol file LoadedFromMemory doesn't match image D:\GB_Fogelzan\The Day Maiden\Library\PackageCache\com.unity.visualscripting@1.8.0\Editor\VisualScripting.Core\Dependencies\DotNetZip\Unity.VisualScripting.IonicZip.dll
Native extension for WindowsStandalone target not found
Refreshing native plugins compatible for Editor in 0.70 ms, found 3 plugins.
Preloading 0 native plugins for Editor in 0.00 ms.
Mono: successfully reloaded assembly
- Completed reload, in  1.744 seconds
Domain Reload Profiling:
	ReloadAssembly (1745ms)
		BeginReloadAssembly (181ms)
			ExecutionOrderSort (0ms)
			DisableScriptedObjects (10ms)
			BackupInstance (0ms)
			ReleaseScriptingObjects (0ms)
			CreateAndSetChildDomain (48ms)
		EndReloadAssembly (1432ms)
			LoadAssemblies (117ms)
			RebuildTransferFunctionScriptingTraits (0ms)
			SetupTypeCache (497ms)
			ReleaseScriptCaches (2ms)
			RebuildScriptCaches (90ms)
			SetupLoadedEditorAssemblies (623ms)
				LogAssemblyErrors (0ms)
				InitializePlatformSupportModulesInManaged (22ms)
				SetLoadedEditorAssemblies (1ms)
				RefreshPlugins (1ms)
				BeforeProcessingInitializeOnLoad (110ms)
				ProcessInitializeOnLoadAttributes (445ms)
				ProcessInitializeOnLoadMethodAttributes (39ms)
				AfterProcessingInitializeOnLoad (6ms)
				EditorAssembliesLoaded (0ms)
			ExecutionOrderSort2 (0ms)
			AwakeInstancesAfterBackupRestoration (17ms)
Platform modules already initialized, skipping
Refreshing native plugins compatible for Editor in 1.61 ms, found 3 plugins.
Preloading 0 native plugins for Editor in 0.00 ms.
Unloading 3208 Unused Serialized files (Serialized files now loaded: 0)
Unloading 16 unused Assets / (95.3 KB). Loaded Objects now: 3810.
Memory consumption went from 171.2 MB to 171.1 MB.
Total: 4.640600 ms (FindLiveObjects: 0.400200 ms CreateObjectMapping: 0.258900 ms MarkObjects: 3.931900 ms  DeleteObjects: 0.048500 ms)

AssetImportParameters requested are different than current active one (requested -> active):
  custom:video-decoder-ogg-theora: a1e56fd34408186e4bbccfd4996cb3dc -> 
  custom:container-muxer-webm: aa71ff27fc2769a1b78a27578f13a17b -> 
  custom:container-demuxer-webm: 4f35f7cbe854078d1ac9338744f61a02 -> 
  custom:video-encoder-webm-vp8: eb34c28f22e8b96e1ab97ce403110664 -> 
  custom:audio-encoder-webm-vorbis: bf7c407c2cedff20999df2af8eb42d56 -> 
  custom:framework-win-MediaFoundation: 216162199b28c13a410421893ffa2e32 -> 
  custom:container-demuxer-ogg: 62fdf1f143b41e24485cea50d1cbac27 -> 
  custom:video-decoder-webm-vp8: 9c59270c3fd7afecdb556c50c9e8de78 -> 
  custom:audio-decoder-ogg-vorbis: bf7c407c2cedff20999df2af8eb42d56 -> 
========================================================================
Received Prepare
Registering precompiled user dll's ...
Registered in 0.004702 seconds.
Begin MonoManager ReloadAssembly
Symbol file LoadedFromMemory doesn't match image D:\GB_Fogelzan\The Day Maiden\Library\PackageCache\com.unity.visualscripting@1.8.0\Editor\VisualScripting.Core\Dependencies\YamlDotNet\Unity.VisualScripting.YamlDotNet.dll
Symbol file LoadedFromMemory doesn't match image D:\GB_Fogelzan\The Day Maiden\Library\PackageCache\com.unity.visualscripting@1.8.0\Editor\VisualScripting.Core\Dependencies\DotNetZip\Unity.VisualScripting.IonicZip.dll
Native extension for WindowsStandalone target not found
Refreshing native plugins compatible for Editor in 0.55 ms, found 3 plugins.
Preloading 0 native plugins for Editor in 0.00 ms.
Mono: successfully reloaded assembly
- Completed reload, in  1.356 seconds
Domain Reload Profiling:
	ReloadAssembly (1357ms)
		BeginReloadAssembly (182ms)
			ExecutionOrderSort (0ms)
			DisableScriptedObjects (8ms)
			BackupInstance (0ms)
			ReleaseScriptingObjects (0ms)
			CreateAndSetChildDomain (44ms)
		EndReloadAssembly (1040ms)
			LoadAssemblies (117ms)
			RebuildTransferFunctionScriptingTraits (0ms)
			SetupTypeCache (365ms)
			ReleaseScriptCaches (2ms)
			RebuildScriptCaches (61ms)
			SetupLoadedEditorAssemblies (448ms)
				LogAssemblyErrors (0ms)
				InitializePlatformSupportModulesInManaged (16ms)
				SetLoadedEditorAssemblies (1ms)
				RefreshPlugins (1ms)
				BeforeProcessingInitializeOnLoad (74ms)
				ProcessInitializeOnLoadAttributes (318ms)
				ProcessInitializeOnLoadMethodAttributes (33ms)
				AfterProcessingInitializeOnLoad (6ms)
				EditorAssembliesLoaded (0ms)
			ExecutionOrderSort2 (0ms)
			AwakeInstancesAfterBackupRestoration (16ms)
Platform modules already initialized, skipping
Refreshing native plugins compatible for Editor in 2.98 ms, found 3 plugins.
Preloading 0 native plugins for Editor in 0.00 ms.
Unloading 3208 Unused Serialized files (Serialized files now loaded: 0)
Unloading 16 unused Assets / (95.4 KB). Loaded Objects now: 3825.
Memory consumption went from 171.2 MB to 171.2 MB.
Total: 4.553900 ms (FindLiveObjects: 0.777200 ms CreateObjectMapping: 0.254200 ms MarkObjects: 3.477900 ms  DeleteObjects: 0.043400 ms)

AssetImportParameters requested are different than current active one (requested -> active):
  custom:video-decoder-ogg-theora: a1e56fd34408186e4bbccfd4996cb3dc -> 
  custom:container-muxer-webm: aa71ff27fc2769a1b78a27578f13a17b -> 
  custom:container-demuxer-webm: 4f35f7cbe854078d1ac9338744f61a02 -> 
  custom:video-encoder-webm-vp8: eb34c28f22e8b96e1ab97ce403110664 -> 
  custom:audio-encoder-webm-vorbis: bf7c407c2cedff20999df2af8eb42d56 -> 
  custom:framework-win-MediaFoundation: 216162199b28c13a410421893ffa2e32 -> 
  custom:container-demuxer-ogg: 62fdf1f143b41e24485cea50d1cbac27 -> 
  custom:video-decoder-webm-vp8: 9c59270c3fd7afecdb556c50c9e8de78 -> 
  custom:audio-decoder-ogg-vorbis: bf7c407c2cedff20999df2af8eb42d56 -> 
========================================================================
Received Prepare
Registering precompiled user dll's ...
Registered in 0.004858 seconds.
Begin MonoManager ReloadAssembly
Symbol file LoadedFromMemory doesn't match image D:\GB_Fogelzan\The Day Maiden\Library\PackageCache\com.unity.visualscripting@1.8.0\Editor\VisualScripting.Core\Dependencies\YamlDotNet\Unity.VisualScripting.YamlDotNet.dll
Symbol file LoadedFromMemory doesn't match image D:\GB_Fogelzan\The Day Maiden\Library\PackageCache\com.unity.visualscripting@1.8.0\Editor\VisualScripting.Core\Dependencies\DotNetZip\Unity.VisualScripting.IonicZip.dll
Native extension for WindowsStandalone target not found
Refreshing native plugins compatible for Editor in 0.58 ms, found 3 plugins.
Preloading 0 native plugins for Editor in 0.00 ms.
Mono: successfully reloaded assembly
- Completed reload, in  1.512 seconds
Domain Reload Profiling:
	ReloadAssembly (1513ms)
		BeginReloadAssembly (189ms)
			ExecutionOrderSort (0ms)
			DisableScriptedObjects (8ms)
			BackupInstance (0ms)
			ReleaseScriptingObjects (0ms)
			CreateAndSetChildDomain (50ms)
		EndReloadAssembly (1083ms)
			LoadAssemblies (131ms)
			RebuildTransferFunctionScriptingTraits (0ms)
			SetupTypeCache (396ms)
			ReleaseScriptCaches (2ms)
			RebuildScriptCaches (62ms)
			SetupLoadedEditorAssemblies (438ms)
				LogAssemblyErrors (0ms)
				InitializePlatformSupportModulesInManaged (16ms)
				SetLoadedEditorAssemblies (1ms)
				RefreshPlugins (1ms)
				BeforeProcessingInitializeOnLoad (72ms)
				ProcessInitializeOnLoadAttributes (319ms)
				ProcessInitializeOnLoadMethodAttributes (26ms)
				AfterProcessingInitializeOnLoad (4ms)
				EditorAssembliesLoaded (0ms)
			ExecutionOrderSort2 (0ms)
			AwakeInstancesAfterBackupRestoration (13ms)
Platform modules already initialized, skipping
Refreshing native plugins compatible for Editor in 1.89 ms, found 3 plugins.
Preloading 0 native plugins for Editor in 0.00 ms.
Unloading 3208 Unused Serialized files (Serialized files now loaded: 0)
Unloading 16 unused Assets / (95.3 KB). Loaded Objects now: 3840.
Memory consumption went from 171.3 MB to 171.2 MB.
Total: 4.411400 ms (FindLiveObjects: 0.325900 ms CreateObjectMapping: 0.196000 ms MarkObjects: 3.846800 ms  DeleteObjects: 0.041400 ms)

AssetImportParameters requested are different than current active one (requested -> active):
  custom:video-decoder-ogg-theora: a1e56fd34408186e4bbccfd4996cb3dc -> 
  custom:container-muxer-webm: aa71ff27fc2769a1b78a27578f13a17b -> 
  custom:container-demuxer-webm: 4f35f7cbe854078d1ac9338744f61a02 -> 
  custom:video-encoder-webm-vp8: eb34c28f22e8b96e1ab97ce403110664 -> 
  custom:audio-encoder-webm-vorbis: bf7c407c2cedff20999df2af8eb42d56 -> 
  custom:framework-win-MediaFoundation: 216162199b28c13a410421893ffa2e32 -> 
  custom:container-demuxer-ogg: 62fdf1f143b41e24485cea50d1cbac27 -> 
  custom:video-decoder-webm-vp8: 9c59270c3fd7afecdb556c50c9e8de78 -> 
  custom:audio-decoder-ogg-vorbis: bf7c407c2cedff20999df2af8eb42d56 -> 
========================================================================
Received Prepare
Registering precompiled user dll's ...
Registered in 0.004840 seconds.
Begin MonoManager ReloadAssembly
Symbol file LoadedFromMemory doesn't match image D:\GB_Fogelzan\The Day Maiden\Library\PackageCache\com.unity.visualscripting@1.8.0\Editor\VisualScripting.Core\Dependencies\YamlDotNet\Unity.VisualScripting.YamlDotNet.dll
Symbol file LoadedFromMemory doesn't match image D:\GB_Fogelzan\The Day Maiden\Library\PackageCache\com.unity.visualscripting@1.8.0\Editor\VisualScripting.Core\Dependencies\DotNetZip\Unity.VisualScripting.IonicZip.dll
Native extension for WindowsStandalone target not found
Refreshing native plugins compatible for Editor in 0.57 ms, found 3 plugins.
Preloading 0 native plugins for Editor in 0.00 ms.
Mono: successfully reloaded assembly
- Completed reload, in  1.410 seconds
Domain Reload Profiling:
	ReloadAssembly (1412ms)
		BeginReloadAssembly (176ms)
			ExecutionOrderSort (0ms)
			DisableScriptedObjects (7ms)
			BackupInstance (0ms)
			ReleaseScriptingObjects (0ms)
			CreateAndSetChildDomain (41ms)
		EndReloadAssembly (1101ms)
			LoadAssemblies (124ms)
			RebuildTransferFunctionScriptingTraits (0ms)
			SetupTypeCache (378ms)
			ReleaseScriptCaches (1ms)
			RebuildScriptCaches (61ms)
			SetupLoadedEditorAssemblies (471ms)
				LogAssemblyErrors (0ms)
				InitializePlatformSupportModulesInManaged (16ms)
				SetLoadedEditorAssemblies (1ms)
				RefreshPlugins (1ms)
				BeforeProcessingInitializeOnLoad (79ms)
				ProcessInitializeOnLoadAttributes (337ms)
				ProcessInitializeOnLoadMethodAttributes (30ms)
				AfterProcessingInitializeOnLoad (7ms)
				EditorAssembliesLoaded (0ms)
			ExecutionOrderSort2 (0ms)
			AwakeInstancesAfterBackupRestoration (13ms)
Platform modules already initialized, skipping
Refreshing native plugins compatible for Editor in 1.84 ms, found 3 plugins.
Preloading 0 native plugins for Editor in 0.00 ms.
Unloading 3208 Unused Serialized files (Serialized files now loaded: 0)
Unloading 16 unused Assets / (95.3 KB). Loaded Objects now: 3855.
Memory consumption went from 171.3 MB to 171.2 MB.
Total: 3.399500 ms (FindLiveObjects: 0.273400 ms CreateObjectMapping: 0.175400 ms MarkObjects: 2.909800 ms  DeleteObjects: 0.039800 ms)

AssetImportParameters requested are different than current active one (requested -> active):
  custom:video-decoder-ogg-theora: a1e56fd34408186e4bbccfd4996cb3dc -> 
  custom:container-muxer-webm: aa71ff27fc2769a1b78a27578f13a17b -> 
  custom:container-demuxer-webm: 4f35f7cbe854078d1ac9338744f61a02 -> 
  custom:video-encoder-webm-vp8: eb34c28f22e8b96e1ab97ce403110664 -> 
  custom:audio-encoder-webm-vorbis: bf7c407c2cedff20999df2af8eb42d56 -> 
  custom:framework-win-MediaFoundation: 216162199b28c13a410421893ffa2e32 -> 
  custom:container-demuxer-ogg: 62fdf1f143b41e24485cea50d1cbac27 -> 
  custom:video-decoder-webm-vp8: 9c59270c3fd7afecdb556c50c9e8de78 -> 
  custom:audio-decoder-ogg-vorbis: bf7c407c2cedff20999df2af8eb42d56 -> 
